Detecting compiler hash for triplet x64-linux...
The following packages will be built and installed:
    gtest[core]:x64-linux -> 1.11.0#5
  * vcpkg-cmake[core]:x64-linux -> 2022-04-05
  * vcpkg-cmake-config[core]:x64-linux -> 2022-02-06
Additional packages (*) will be modified to complete this operation.
Restored 3 packages from /home/staf02/.cache/vcpkg/archives in 319.4 ms. Use --debug to see more details.
Starting package 1/3: vcpkg-cmake-config:x64-linux
Installing package vcpkg-cmake-config[core]:x64-linux...
Elapsed time for package vcpkg-cmake-config:x64-linux: 1.117 ms
Starting package 2/3: vcpkg-cmake:x64-linux
Installing package vcpkg-cmake[core]:x64-linux...
Elapsed time for package vcpkg-cmake:x64-linux: 1.439 ms
Starting package 3/3: gtest:x64-linux
Installing package gtest[core]:x64-linux...
Elapsed time for package gtest:x64-linux: 109.5 ms

Total elapsed time: 1.111 s

The package gtest provides CMake targets:

    find_package(GTest CONFIG REQUIRED)
    target_link_libraries(main PRIVATE GTest::gmock GTest::gtest GTest::gmock_main GTest::gtest_main)

